# JRE version: Java(TM) SE Runtime Environment (8.0_201-b09) (build 1.8.0_201-b09)
# Java VM: Java HotSpot(TM) 64-Bit Server VM (25.201-b09 mixed mode linux-amd64 compressed oops)
Heap:
 def new generation   total 13568K, used 3669K [0x00000000a0000000, 0x00000000a0eb0000, 0x00000000c0000000)
  eden space 12096K,  21% used [0x00000000a0000000, 0x00000000a02838c8, 0x00000000a0bd0000)
  from space 1472K,  74% used [0x00000000a0bd0000, 0x00000000a0ce1e60, 0x00000000a0d40000)
  to   space 1472K,   0% used [0x00000000a0d40000, 0x00000000a0d40000, 0x00000000a0eb0000)
 tenured generation   total 29852K, used 22136K [0x00000000c0000000, 0x00000000c1d27000, 0x0000000100000000)
   the space 29852K,  74% used [0x00000000c0000000, 0x00000000c159e1b0, 0x00000000c159e200, 0x00000000c1d27000)
 Metaspace       used 44379K, capacity 45304K, committed 45488K, reserved 1089536K
  class space    used 5906K, capacity 6202K, committed 6320K, reserved 1048576K
GC Heap History (10 events):
Event: 91,575 GC heap before
{Heap before GC invocations=43 (full 2):
 def new generation   total 13568K, used 13567K [0x00000000a0000000, 0x00000000a0eb0000, 0x00000000c0000000)
  eden space 12096K, 100% used [0x00000000a0000000, 0x00000000a0bd0000, 0x00000000a0bd0000)
  from space 1472K,  99% used [0x00000000a0d40000, 0x00000000a0eafff8, 0x00000000a0eb0000)
  to   space 1472K,   0% used [0x00000000a0bd0000, 0x00000000a0bd0000, 0x00000000a0d40000)
 tenured generation   total 29852K, used 18028K [0x00000000c0000000, 0x00000000c1d27000, 0x0000000100000000)
   the space 29852K,  60% used [0x00000000c0000000, 0x00000000c119b230, 0x00000000c119b400, 0x00000000c1d27000)
 Metaspace       used 38803K, capacity 39476K, committed 39728K, reserved 1083392K
  class space    used 5380K, capacity 5624K, committed 5680K, reserved 1048576K
Event: 91,651 GC heap after
Heap after GC invocations=44 (full 2):
 def new generation   total 13568K, used 1472K [0x00000000a0000000, 0x00000000a0eb0000, 0x00000000c0000000)
  eden space 12096K,   0% used [0x00000000a0000000, 0x00000000a0000000, 0x00000000a0bd0000)
  from space 1472K, 100% used [0x00000000a0bd0000, 0x00000000a0d40000, 0x00000000a0d40000)
  to   space 1472K,   0% used [0x00000000a0d40000, 0x00000000a0d40000, 0x00000000a0eb0000)
 tenured generation   total 29852K, used 18962K [0x00000000c0000000, 0x00000000c1d27000, 0x0000000100000000)
   the space 29852K,  63% used [0x00000000c0000000, 0x00000000c1284bc0, 0x00000000c1284c00, 0x00000000c1d27000)
 Metaspace       used 38803K, capacity 39476K, committed 39728K, reserved 1083392K
  class space    used 5380K, capacity 5624K, committed 5680K, reserved 1048576K
}
Event: 94,304 GC heap before
{Heap before GC invocations=44 (full 2):
 def new generation   total 13568K, used 13568K [0x00000000a0000000, 0x00000000a0eb0000, 0x00000000c0000000)
  eden space 12096K, 100% used [0x00000000a0000000, 0x00000000a0bd0000, 0x00000000a0bd0000)
  from space 1472K, 100% used [0x00000000a0bd0000, 0x00000000a0d40000, 0x00000000a0d40000)
  to   space 1472K,   0% used [0x00000000a0d40000, 0x00000000a0d40000, 0x00000000a0eb0000)
 tenured generation   total 29852K, used 18962K [0x00000000c0000000, 0x00000000c1d27000, 0x0000000100000000)
   the space 29852K,  63% used [0x00000000c0000000, 0x00000000c1284bc0, 0x00000000c1284c00, 0x00000000c1d27000)
 Metaspace       used 39614K, capacity 40312K, committed 40624K, reserved 1083392K
  class space    used 5517K, capacity 5768K, committed 5808K, reserved 1048576K
Event: 94,357 GC heap after
Heap after GC invocations=45 (full 2):
 def new generation   total 13568K, used 1239K [0x00000000a0000000, 0x00000000a0eb0000, 0x00000000c0000000)
  eden space 12096K,   0% used [0x00000000a0000000, 0x00000000a0000000, 0x00000000a0bd0000)
  from space 1472K,  84% used [0x00000000a0d40000, 0x00000000a0e75c60, 0x00000000a0eb0000)
  to   space 1472K,   0% used [0x00000000a0bd0000, 0x00000000a0bd0000, 0x00000000a0d40000)
 tenured generation   total 29852K, used 19241K [0x00000000c0000000, 0x00000000c1d27000, 0x0000000100000000)
   the space 29852K,  64% used [0x00000000c0000000, 0x00000000c12ca6f8, 0x00000000c12ca800, 0x00000000c1d27000)
 Metaspace       used 39614K, capacity 40312K, committed 40624K, reserved 1083392K
  class space    used 5517K, capacity 5768K, committed 5808K, reserved 1048576K
}
Event: 99,585 GC heap before
{Heap before GC invocations=45 (full 2):
 def new generation   total 13568K, used 13255K [0x00000000a0000000, 0x00000000a0eb0000, 0x00000000c0000000)
  eden space 12096K,  99% used [0x00000000a0000000, 0x00000000a0bbc388, 0x00000000a0bd0000)
  from space 1472K,  84% used [0x00000000a0d40000, 0x00000000a0e75c60, 0x00000000a0eb0000)
  to   space 1472K,   0% used [0x00000000a0bd0000, 0x00000000a0bd0000, 0x00000000a0d40000)
 tenured generation   total 29852K, used 19241K [0x00000000c0000000, 0x00000000c1d27000, 0x0000000100000000)
   the space 29852K,  64% used [0x00000000c0000000, 0x00000000c12ca6f8, 0x00000000c12ca800, 0x00000000c1d27000)
 Metaspace       used 41480K, capacity 42296K, committed 42416K, reserved 1085440K
  class space    used 5729K, capacity 6002K, committed 6064K, reserved 1048576K
Event: 99,648 GC heap after
Heap after GC invocations=46 (full 2):
 def new generation   total 13568K, used 1471K [0x00000000a0000000, 0x00000000a0eb0000, 0x00000000c0000000)
  eden space 12096K,   0% used [0x00000000a0000000, 0x00000000a0000000, 0x00000000a0bd0000)
  from space 1472K,  99% used [0x00000000a0bd0000, 0x00000000a0d3fff8, 0x00000000a0d40000)
  to   space 1472K,   0% used [0x00000000a0d40000, 0x00000000a0d40000, 0x00000000a0eb0000)
 tenured generation   total 29852K, used 20162K [0x00000000c0000000, 0x00000000c1d27000, 0x0000000100000000)
   the space 29852K,  67% used [0x00000000c0000000, 0x00000000c13b0988, 0x00000000c13b0a00, 0x00000000c1d27000)
 Metaspace       used 41480K, capacity 42296K, committed 42416K, reserved 1085440K
  class space    used 5729K, capacity 6002K, committed 6064K, reserved 1048576K
}
Event: 106,091 GC heap before
{Heap before GC invocations=46 (full 2):
 def new generation   total 13568K, used 13567K [0x00000000a0000000, 0x00000000a0eb0000, 0x00000000c0000000)
  eden space 12096K,  99% used [0x00000000a0000000, 0x00000000a0bcfe90, 0x00000000a0bd0000)
  from space 1472K,  99% used [0x00000000a0bd0000, 0x00000000a0d3fff8, 0x00000000a0d40000)
  to   space 1472K,   0% used [0x00000000a0d40000, 0x00000000a0d40000, 0x00000000a0eb0000)
 tenured generation   total 29852K, used 20162K [0x00000000c0000000, 0x00000000c1d27000, 0x0000000100000000)
   the space 29852K,  67% used [0x00000000c0000000, 0x00000000c13b0988, 0x00000000c13b0a00, 0x00000000c1d27000)
 Metaspace       used 44126K, capacity 44950K, committed 45232K, reserved 1087488K
  class space    used 5900K, capacity 6199K, committed 6320K, reserved 1048576K
Event: 106,158 GC heap after
Heap after GC invocations=47 (full 2):
 def new generation   total 13568K, used 1471K [0x00000000a0000000, 0x00000000a0eb0000, 0x00000000c0000000)
  eden space 12096K,   0% used [0x00000000a0000000, 0x00000000a0000000, 0x00000000a0bd0000)
  from space 1472K,  99% used [0x00000000a0d40000, 0x00000000a0eafff8, 0x00000000a0eb0000)
  to   space 1472K,   0% used [0x00000000a0bd0000, 0x00000000a0bd0000, 0x00000000a0d40000)
 tenured generation   total 29852K, used 21961K [0x00000000c0000000, 0x00000000c1d27000, 0x0000000100000000)
   the space 29852K,  73% used [0x00000000c0000000, 0x00000000c15727b8, 0x00000000c1572800, 0x00000000c1d27000)
 Metaspace       used 44126K, capacity 44950K, committed 45232K, reserved 1087488K
  class space    used 5900K, capacity 6199K, committed 6320K, reserved 1048576K
}
Event: 125,494 GC heap before
{Heap before GC invocations=47 (full 2):
 def new generation   total 13568K, used 13405K [0x00000000a0000000, 0x00000000a0eb0000, 0x00000000c0000000)
  eden space 12096K,  98% used [0x00000000a0000000, 0x00000000a0ba76d0, 0x00000000a0bd0000)
  from space 1472K,  99% used [0x00000000a0d40000, 0x00000000a0eafff8, 0x00000000a0eb0000)
  to   space 1472K,   0% used [0x00000000a0bd0000, 0x00000000a0bd0000, 0x00000000a0d40000)
 tenured generation   total 29852K, used 21961K [0x00000000c0000000, 0x00000000c1d27000, 0x0000000100000000)
   the space 29852K,  73% used [0x00000000c0000000, 0x00000000c15727b8, 0x00000000c1572800, 0x00000000c1d27000)
 Metaspace       used 44378K, capacity 45304K, committed 45488K, reserved 1089536K
  class space    used 5906K, capacity 6202K, committed 6320K, reserved 1048576K
Event: 125,566 GC heap after
Heap after GC invocations=48 (full 2):
 def new generation   total 13568K, used 1095K [0x00000000a0000000, 0x00000000a0eb0000, 0x00000000c0000000)
  eden space 12096K,   0% used [0x00000000a0000000, 0x00000000a0000000, 0x00000000a0bd0000)
  from space 1472K,  74% used [0x00000000a0bd0000, 0x00000000a0ce1e60, 0x00000000a0d40000)
  to   space 1472K,   0% used [0x00000000a0d40000, 0x00000000a0d40000, 0x00000000a0eb0000)
 tenured generation   total 29852K, used 22136K [0x00000000c0000000, 0x00000000c1d27000, 0x0000000100000000)
   the space 29852K,  74% used [0x00000000c0000000, 0x00000000c159e1b0, 0x00000000c159e200, 0x00000000c1d27000)
 Metaspace       used 44378K, capacity 45304K, committed 45488K, reserved 1089536K
  class space    used 5906K, capacity 6202K, committed 6320K, reserved 1048576K
}

